<?xml version="1.0" encoding="UTF-8"?>
<!-- Generated by org.testng.reporters.JUnitReportReporter -->
<testsuite hostname="DESKTOP-UCIOF92" failures="0" tests="2" name="TestNG_Keywords.Include_Exclude" time="0.011" errors="0" timestamp="2022-07-12T23:43:50 IST" skipped="0">
  <testcase classname="TestNG_Keywords.Include_Exclude" name="m" time="0.006"/>
  <system-out>
    <![CDATA[m is Running]]>
  </system-out>
  <testcase classname="TestNG_Keywords.Include_Exclude" name="j" time="0.005"/>
  <system-out>
    <![CDATA[J is Running]]>
  </system-out>
</testsuite> <!-- TestNG_Keywords.Include_Exclude -->
