<?xml version="1.0" encoding="UTF-8"?>
<!-- Generated by org.testng.reporters.JUnitReportReporter -->
<testsuite hostname="DESKTOP-UCIOF92" failures="0" tests="1" name="TestNG.Example1TestNG" time="6.046" errors="0" timestamp="2022-06-30T00:28:37 IST" skipped="0">
  <testcase classname="TestNG.Example1TestNG" name="KiteLogin" time="6.046"/>
  <system-out/>
</testsuite> <!-- TestNG.Example1TestNG -->
