<?xml version="1.0" encoding="UTF-8"?>
<!-- Generated by org.testng.reporters.JUnitReportReporter -->
<testsuite hostname="DESKTOP-UCIOF92" failures="0" tests="2" name="TestNG_Keywords.groups" time="0.009" errors="0" timestamp="2022-07-13T00:03:51 IST" skipped="0">
  <testcase classname="TestNG_Keywords.groups" name="d" time="0.004"/>
  <system-out>
    <![CDATA[d is running]]>
  </system-out>
  <testcase classname="TestNG_Keywords.groups" name="c" time="0.005"/>
  <system-out>
    <![CDATA[c is running]]>
  </system-out>
</testsuite> <!-- TestNG_Keywords.groups -->
