<?xml version="1.0" encoding="UTF-8"?>
<!-- Generated by org.testng.reporters.JUnitReportReporter -->
<testsuite hostname="DESKTOP-UCIOF92" failures="0" tests="1" name="TestNG_Keywords.include_exclude1" time="0.018" errors="0" timestamp="2022-07-12T23:43:50 IST" skipped="0">
  <testcase classname="TestNG_Keywords.include_exclude1" name="x" time="0.018"/>
  <system-out>
    <![CDATA[x is Running]]>
  </system-out>
</testsuite> <!-- TestNG_Keywords.include_exclude1 -->
