<?xml version="1.0" encoding="UTF-8"?>
<!-- Generated by org.testng.reporters.JUnitReportReporter -->
<testsuite hostname="DESKTOP-UCIOF92" failures="0" tests="2" name="TestNG_Keywords.groups1" time="0.021" errors="0" timestamp="2022-07-13T00:03:51 IST" skipped="0">
  <testcase classname="TestNG_Keywords.groups1" name="f" time="0.018"/>
  <system-out>
    <![CDATA[f is running]]>
  </system-out>
  <testcase classname="TestNG_Keywords.groups1" name="g" time="0.003"/>
  <system-out>
    <![CDATA[g is running]]>
  </system-out>
</testsuite> <!-- TestNG_Keywords.groups1 -->
