<?xml version="1.0" encoding="UTF-8"?>
<!-- Generated by org.testng.reporters.JUnitReportReporter -->
<testsuite hostname="DESKTOP-UCIOF92" failures="0" tests="3" name="TestNG_Keywords.Enabled_keyword" time="0.021" errors="0" timestamp="2022-07-13T01:17:10 IST" skipped="1">
  <testcase classname="TestNG_Keywords.Enabled_keyword" name="Test1" time="0.017"/>
  <system-out>
    <![CDATA[Test1 is running]]>
  </system-out>
  <testcase classname="TestNG_Keywords.Enabled_keyword" name="Test3" time="0.004"/>
  <system-out>
    <![CDATA[Test3 is running]]>
  </system-out>
  <testcase classname="TestNG_Keywords.Enabled_keyword" name="Test2">
    <skipped/>
  </testcase> <!-- Test2 -->
  <system-out/>
</testsuite> <!-- TestNG_Keywords.Enabled_keyword -->
