<?xml version="1.0" encoding="UTF-8"?>
<!-- Generated by org.testng.reporters.JUnitReportReporter -->
<testsuite hostname="DESKTOP-UCIOF92" failures="0" tests="1" name="TestNG_Keywords.Firefox_Use" time="25.860" errors="0" timestamp="2022-07-13T01:34:41 IST" skipped="0">
  <testcase classname="TestNG_Keywords.Firefox_Use" name="f" time="25.860"/>
  <system-out/>
</testsuite> <!-- TestNG_Keywords.Firefox_Use -->
