<?xml version="1.0" encoding="UTF-8"?>
<!-- Generated by org.testng.reporters.JUnitReportReporter -->
<testsuite hostname="DESKTOP-UCIOF92" failures="0" tests="3" name="TestNG_Keywords.Timeout_Keyword" time="0.030" errors="0" timestamp="2022-07-13T01:17:35 IST" skipped="0">
  <testcase classname="TestNG_Keywords.Timeout_Keyword" name="c" time="0.005"/>
  <system-out>
    <![CDATA[c is running]]>
  </system-out>
  <testcase classname="TestNG_Keywords.Timeout_Keyword" name="b" time="0.011"/>
  <system-out>
    <![CDATA[b is running]]>
  </system-out>
  <testcase classname="TestNG_Keywords.Timeout_Keyword" name="a" time="0.014"/>
  <system-out>
    <![CDATA[a is running]]>
  </system-out>
</testsuite> <!-- TestNG_Keywords.Timeout_Keyword -->
