<?xml version="1.0" encoding="UTF-8"?>
<!-- Generated by org.testng.reporters.JUnitReportReporter -->
<testsuite hostname="DESKTOP-UCIOF92" failures="0" tests="4" name="TestNG_Keywords.Invocation_study" time="0.018" errors="0" timestamp="2022-06-29T07:22:19 IST" skipped="0">
  <testcase classname="TestNG_Keywords.Invocation_study" name="MyWorld" time="0.003"/>
  <system-out>
    <![CDATA[Welcome to My world]]>
  </system-out>
  <testcase classname="TestNG_Keywords.Invocation_study" name="MyWorld" time="0.004"/>
  <system-out>
    <![CDATA[Welcome to My world]]>
  </system-out>
  <testcase classname="TestNG_Keywords.Invocation_study" name="MyWorld" time="0.003"/>
  <system-out>
    <![CDATA[Welcome to My world]]>
  </system-out>
  <testcase classname="TestNG_Keywords.Invocation_study" name="MyWorld" time="0.008"/>
  <system-out>
    <![CDATA[Welcome to My world]]>
  </system-out>
</testsuite> <!-- TestNG_Keywords.Invocation_study -->
