<?xml version="1.0" encoding="UTF-8"?>
<!-- Generated by org.testng.reporters.JUnitReportReporter -->
<testsuite hostname="DESKTOP-UCIOF92" failures="0" tests="2" name="CrossBrowsertest.Cross_Testing" time="27.682" errors="0" timestamp="2022-07-13T01:44:19 IST" skipped="0">
  <testcase classname="CrossBrowsertest.Cross_Testing" name="mymethod" time="11.056"/>
  <system-out/>
  <testcase classname="CrossBrowsertest.Cross_Testing" name="mymethod" time="16.626"/>
  <system-out/>
</testsuite> <!-- CrossBrowsertest.Cross_Testing -->
