<?xml version="1.0" encoding="UTF-8"?>
<!-- Generated by org.testng.reporters.JUnitReportReporter -->
<testsuite hostname="DESKTOP-UCIOF92" failures="0" tests="1" name="Verification_Testng.AssertEqualsuse" time="0.018" errors="0" timestamp="2022-06-29T12:35:48 IST" skipped="0">
  <testcase classname="Verification_Testng.AssertEqualsuse" name="mymethod" time="0.018"/>
  <system-out>
    <![CDATA[a and b are not equals TC is pass]]>
  </system-out>
</testsuite> <!-- Verification_Testng.AssertEqualsuse -->
