<?xml version="1.0" encoding="UTF-8"?>
<!-- Generated by org.testng.reporters.JUnitReportReporter -->
<testsuite hostname="DESKTOP-UCIOF92" failures="0" tests="2" name="TestNG.Annotation_Study" time="0.009" errors="0" timestamp="2022-06-22T02:52:42 IST" skipped="0">
  <testcase classname="TestNG.Annotation_Study" name="method1" time="0.003"/>
  <system-out>
    <![CDATA[Dashboard is validated]]>
  </system-out>
  <testcase classname="TestNG.Annotation_Study" name="method" time="0.006"/>
  <system-out>
    <![CDATA[User ID is Validated]]>
  </system-out>
</testsuite> <!-- TestNG.Annotation_Study -->
