<?xml version="1.0" encoding="UTF-8"?>
<!-- Generated by org.testng.reporters.JUnitReportReporter -->
<testsuite hostname="DESKTOP-UCIOF92" failures="0" tests="2" name="TestNG_Study.MyTest" time="22.655" errors="0" timestamp="2022-07-12T23:29:18 IST" skipped="0">
  <testcase classname="TestNG_Study.MyTest" name="Mymethod1" time="13.630"/>
  <system-out/>
  <testcase classname="TestNG_Study.MyTest" name="myMethod" time="9.025"/>
  <system-out/>
</testsuite> <!-- TestNG_Study.MyTest -->
