<?xml version="1.0" encoding="UTF-8"?>
<!-- Generated by org.testng.reporters.JUnitReportReporter -->
<testsuite hostname="DESKTOP-UCIOF92" failures="0" tests="1" name="TestNG_Keywords.Myclass" time="6.043" errors="0" timestamp="2022-07-13T00:35:59 IST" skipped="0">
  <testcase classname="TestNG_Keywords.Myclass" name="Mymethod" time="6.043"/>
  <system-out/>
</testsuite> <!-- TestNG_Keywords.Myclass -->
