<?xml version="1.0" encoding="UTF-8"?>
<!-- Generated by org.testng.reporters.JUnitReportReporter -->
<testsuite hostname="DESKTOP-UCIOF92" failures="0" tests="1" name="TestNG.NormalClass" time="19.697" errors="0" timestamp="2022-06-21T00:06:48 IST" skipped="0">
  <testcase classname="TestNG.NormalClass" name="KiteLogin" time="19.697"/>
  <system-out/>
</testsuite> <!-- TestNG.NormalClass -->
