<?xml version="1.0" encoding="UTF-8"?>
<!-- Generated by org.testng.reporters.JUnitReportReporter -->
<testsuite hostname="DESKTOP-UCIOF92" failures="0" tests="1" name="TestNG.AnnotationStudy1" time="0.003" errors="0" timestamp="2022-06-22T02:52:42 IST" skipped="0">
  <testcase classname="TestNG.AnnotationStudy1" name="recharge" time="0.003"/>
  <system-out>
    <![CDATA[Recharge is done]]>
  </system-out>
</testsuite> <!-- TestNG.AnnotationStudy1 -->
