<?xml version="1.0" encoding="UTF-8"?>
<!-- Generated by org.testng.reporters.JUnitReportReporter -->
<testsuite hostname="DESKTOP-UCIOF92" failures="0" tests="3" name="TestNG_Keywords.Without_priority" time="0.021" errors="0" timestamp="2022-06-22T03:25:12 IST" skipped="0">
  <testcase classname="TestNG_Keywords.Without_priority" name="b" time="0.003"/>
  <system-out>
    <![CDATA[Hello]]>
  </system-out>
  <testcase classname="TestNG_Keywords.Without_priority" name="a" time="0.015"/>
  <system-out>
    <![CDATA[a is running]]>
  </system-out>
  <testcase classname="TestNG_Keywords.Without_priority" name="d" time="0.003"/>
  <system-out>
    <![CDATA[D is running]]>
  </system-out>
</testsuite> <!-- TestNG_Keywords.Without_priority -->
