<?xml version="1.0" encoding="UTF-8"?>
<!-- Generated by org.testng.reporters.JUnitReportReporter -->
<testsuite hostname="DESKTOP-UCIOF92" failures="0" tests="3" name="TestNG_Keywords.Priority" time="0.021" errors="0" timestamp="2022-07-13T01:17:44 IST" skipped="0">
  <testcase classname="TestNG_Keywords.Priority" name="j" time="0.016"/>
  <system-out>
    <![CDATA[J is Running]]>
  </system-out>
  <testcase classname="TestNG_Keywords.Priority" name="a" time="0.003"/>
  <system-out>
    <![CDATA[A is Running]]>
  </system-out>
  <testcase classname="TestNG_Keywords.Priority" name="m" time="0.002"/>
  <system-out>
    <![CDATA[m is Running]]>
  </system-out>
</testsuite> <!-- TestNG_Keywords.Priority -->
