<?xml version="1.0" encoding="UTF-8"?>
<!-- Generated by org.testng.reporters.JUnitReportReporter -->
<testsuite hostname="DESKTOP-UCIOF92" failures="0" tests="2" name="TestNG.Example2" time="24.570" errors="0" timestamp="2022-06-22T01:55:37 IST" skipped="0">
  <testcase classname="TestNG.Example2" name="Display" time="16.084"/>
  <system-out>
    <![CDATA[Hello]]>
  </system-out>
  <testcase classname="TestNG.Example2" name="KiteLogin" time="8.486"/>
  <system-out/>
</testsuite> <!-- TestNG.Example2 -->
