<?xml version="1.0" encoding="UTF-8"?>
<!-- Generated by org.testng.reporters.JUnitReportReporter -->
<testsuite hostname="DESKTOP-UCIOF92" failures="0" tests="5" name="TestNG_Keywords.Innvocation" time="0.022" errors="0" timestamp="2022-06-23T20:53:55 IST" skipped="0">
  <testcase classname="TestNG_Keywords.Innvocation" name="Messege" time="0.002"/>
  <system-out>
    <![CDATA[Hello,Welcome to my World]]>
  </system-out>
  <testcase classname="TestNG_Keywords.Innvocation" name="Messege" time="0.015"/>
  <system-out>
    <![CDATA[Hello,Welcome to my World]]>
  </system-out>
  <testcase classname="TestNG_Keywords.Innvocation" name="Messege" time="0.001"/>
  <system-out>
    <![CDATA[Hello,Welcome to my World]]>
  </system-out>
  <testcase classname="TestNG_Keywords.Innvocation" name="Msg" time="0.002"/>
  <system-out>
    <![CDATA[Hiiiiiiiiiiiiiiii]]>
  </system-out>
  <testcase classname="TestNG_Keywords.Innvocation" name="Messege" time="0.002"/>
  <system-out>
    <![CDATA[Hello,Welcome to my World]]>
  </system-out>
</testsuite> <!-- TestNG_Keywords.Innvocation -->
