<?xml version="1.0" encoding="UTF-8"?>
<!-- Generated by org.testng.reporters.JUnitReportReporter -->
<testsuite hostname="DESKTOP-UCIOF92" failures="0" tests="3" name="TestNG_Keywords.DependsOn_Methods" time="0.017" errors="0" timestamp="2022-07-13T01:17:23 IST" skipped="0">
  <testcase classname="TestNG_Keywords.DependsOn_Methods" name="Test2" time="0.001"/>
  <system-out>
    <![CDATA[Test2 is Running]]>
  </system-out>
  <testcase classname="TestNG_Keywords.DependsOn_Methods" name="Test3" time="0.014"/>
  <system-out>
    <![CDATA[Test3 is running]]>
  </system-out>
  <testcase classname="TestNG_Keywords.DependsOn_Methods" name="Test1" time="0.002"/>
  <system-out>
    <![CDATA[Test1 is running]]>
  </system-out>
</testsuite> <!-- TestNG_Keywords.DependsOn_Methods -->
